app/build/intermediates/manifest_merge_blame_file/release/processReleaseMainManifest/manifest-merger-blame-release-report.txt
1<?xml version="1.0" encoding="utf-8"?>
2<manifest xmlns:android="http://schemas.android.com/apk/res/android"
3    package="com.testfeld07.app"
4    android:versionCode="2"
5    android:versionName="1.1.0" >
6
7    <uses-sdk
8        android:minSdkVersion="26"
9        android:targetSdkVersion="35" />
10
11    <!-- Die App ist offline; INTERNET nur für die optionale Gemini-Brücke. -->
12    <uses-permission android:name="android.permission.INTERNET" />
12-->src/main/AndroidManifest.xml:5:5-67
12-->src/main/AndroidManifest.xml:5:22-64
13
14    <application
14-->src/main/AndroidManifest.xml:7:5-26:19
15        android:allowBackup="true"
15-->src/main/AndroidManifest.xml:12:9-35
16        android:extractNativeLibs="false"
17        android:hardwareAccelerated="true"
17-->src/main/AndroidManifest.xml:11:9-43
18        android:icon="@mipmap/ic_launcher"
18-->src/main/AndroidManifest.xml:9:9-43
19        android:label="@string/app_name"
19-->src/main/AndroidManifest.xml:8:9-41
20        android:supportsRtl="false"
20-->src/main/AndroidManifest.xml:13:9-36
21        android:theme="@android:style/Theme.Material.NoActionBar" >
21-->src/main/AndroidManifest.xml:10:9-66
22        <activity
22-->src/main/AndroidManifest.xml:15:9-25:20
23            android:name="com.testfeld07.app.MainActivity"
23-->src/main/AndroidManifest.xml:16:13-41
24            android:configChanges="orientation|screenSize|keyboardHidden|screenLayout|smallestScreenSize"
24-->src/main/AndroidManifest.xml:19:13-106
25            android:exported="true"
25-->src/main/AndroidManifest.xml:17:13-36
26            android:launchMode="singleTask"
26-->src/main/AndroidManifest.xml:20:13-44
27            android:screenOrientation="userLandscape" >
27-->src/main/AndroidManifest.xml:18:13-54
28            <intent-filter>
28-->src/main/AndroidManifest.xml:21:13-24:29
29                <action android:name="android.intent.action.MAIN" />
29-->src/main/AndroidManifest.xml:22:17-69
29-->src/main/AndroidManifest.xml:22:25-66
30
31                <category android:name="android.intent.category.LAUNCHER" />
31-->src/main/AndroidManifest.xml:23:17-77
31-->src/main/AndroidManifest.xml:23:27-74
32            </intent-filter>
33        </activity>
34    </application>
35
36</manifest>